101.02.27 17:12 B C:\Documents and Settings\j.sabater.UMHNET_PDI\Mis documentos\docencia\robotica\libro practicas\matlab\practica3\animacion3.m --> lorca.umh.es /u1/users/jsabater/libro practicas/matlab/practica3 animacion3.m
101.02.27 17:12 B C:\Documents and Settings\j.sabater.UMHNET_PDI\Mis documentos\docencia\robotica\libro practicas\matlab\practica3\denavit.m --> lorca.umh.es /u1/users/jsabater/libro practicas/matlab/practica3 denavit.m
101.02.27 17:12 B C:\Documents and Settings\j.sabater.UMHNET_PDI\Mis documentos\docencia\robotica\libro practicas\matlab\practica3\dh.m --> lorca.umh.es /u1/users/jsabater/libro practicas/matlab/practica3 dh.m
101.02.27 17:12 B C:\Documents and Settings\j.sabater.UMHNET_PDI\Mis documentos\docencia\robotica\libro practicas\matlab\practica3\f_p.m --> lorca.umh.es /u1/users/jsabater/libro practicas/matlab/practica3 f_p.m
101.02.27 17:12 B C:\Documents and Settings\j.sabater.UMHNET_PDI\Mis documentos\docencia\robotica\libro practicas\matlab\practica3\H3.m --> lorca.umh.es /u1/users/jsabater/libro practicas/matlab/practica3 H3.m
101.02.27 17:12 B C:\Documents and Settings\j.sabater.UMHNET_PDI\Mis documentos\docencia\robotica\libro practicas\matlab\practica3\H4.m --> lorca.umh.es /u1/users/jsabater/libro practicas/matlab/practica3 H4.m
101.02.27 17:12 B C:\Documents and Settings\j.sabater.UMHNET_PDI\Mis documentos\docencia\robotica\libro practicas\matlab\practica3\H6.m --> lorca.umh.es /u1/users/jsabater/libro practicas/matlab/practica3 H6.m
101.02.27 17:12 B C:\Documents and Settings\j.sabater.UMHNET_PDI\Mis documentos\docencia\robotica\libro practicas\matlab\practica3\newtoneuler3.m --> lorca.umh.es /u1/users/jsabater/libro practicas/matlab/practica3 newtoneuler3.m
101.02.27 17:12 B C:\Documents and Settings\j.sabater.UMHNET_PDI\Mis documentos\docencia\robotica\libro practicas\matlab\practica3\newtoneuler4.m --> lorca.umh.es /u1/users/jsabater/libro practicas/matlab/practica3 newtoneuler4.m
101.02.27 17:12 B C:\Documents and Settings\j.sabater.UMHNET_PDI\Mis documentos\docencia\robotica\libro practicas\matlab\practica3\newtoneuler6.m --> lorca.umh.es /u1/users/jsabater/libro practicas/matlab/practica3 newtoneuler6.m
101.02.27 17:12 B C:\Documents and Settings\j.sabater.UMHNET_PDI\Mis documentos\docencia\robotica\libro practicas\matlab\practica3\ri0ai.m --> lorca.umh.es /u1/users/jsabater/libro practicas/matlab/practica3 ri0ai.m
101.02.27 17:12 B C:\Documents and Settings\j.sabater.UMHNET_PDI\Mis documentos\docencia\robotica\libro practicas\matlab\practica3\ri0fi.m --> lorca.umh.es /u1/users/jsabater/libro practicas/matlab/practica3 ri0fi.m
101.02.27 17:12 B C:\Documents and Settings\j.sabater.UMHNET_PDI\Mis documentos\docencia\robotica\libro practicas\matlab\practica3\ri0fia.m --> lorca.umh.es /u1/users/jsabater/libro practicas/matlab/practica3 ri0fia.m
101.02.27 17:12 B C:\Documents and Settings\j.sabater.UMHNET_PDI\Mis documentos\docencia\robotica\libro practicas\matlab\practica3\ri0ni.m --> lorca.umh.es /u1/users/jsabater/libro practicas/matlab/practica3 ri0ni.m
101.02.27 17:12 B C:\Documents and Settings\j.sabater.UMHNET_PDI\Mis documentos\docencia\robotica\libro practicas\matlab\practica3\ri0nia.m --> lorca.umh.es /u1/users/jsabater/libro practicas/matlab/practica3 ri0nia.m
101.02.27 17:12 B C:\Documents and Settings\j.sabater.UMHNET_PDI\Mis documentos\docencia\robotica\libro practicas\matlab\practica3\ri0pi.m --> lorca.umh.es /u1/users/jsabater/libro practicas/matlab/practica3 ri0pi.m
101.02.27 17:12 B C:\Documents and Settings\j.sabater.UMHNET_PDI\Mis documentos\docencia\robotica\libro practicas\matlab\practica3\ri0si.m --> lorca.umh.es /u1/users/jsabater/libro practicas/matlab/practica3 ri0si.m
101.02.27 17:12 B C:\Documents and Settings\j.sabater.UMHNET_PDI\Mis documentos\docencia\robotica\libro practicas\matlab\practica3\ri0vpi_p.m --> lorca.umh.es /u1/users/jsabater/libro practicas/matlab/practica3 ri0vpi_p.m
101.02.27 17:12 B C:\Documents and Settings\j.sabater.UMHNET_PDI\Mis documentos\docencia\robotica\libro practicas\matlab\practica3\ri0vpi_r.m --> lorca.umh.es /u1/users/jsabater/libro practicas/matlab/practica3 ri0vpi_r.m
101.02.27 17:12 B C:\Documents and Settings\j.sabater.UMHNET_PDI\Mis documentos\docencia\robotica\libro practicas\matlab\practica3\ri0wi.m --> lorca.umh.es /u1/users/jsabater/libro practicas/matlab/practica3 ri0wi.m
101.02.27 17:12 B C:\Documents and Settings\j.sabater.UMHNET_PDI\Mis documentos\docencia\robotica\libro practicas\matlab\practica3\ri0wpi.m --> lorca.umh.es /u1/users/jsabater/libro practicas/matlab/practica3 ri0wpi.m
101.02.27 17:12 B C:\Documents and Settings\j.sabater.UMHNET_PDI\Mis documentos\docencia\robotica\libro practicas\matlab\practica3\simula3.m --> lorca.umh.es /u1/users/jsabater/libro practicas/matlab/practica3 simula3.m
101.02.27 17:12 B C:\Documents and Settings\j.sabater.UMHNET_PDI\Mis documentos\docencia\robotica\libro practicas\matlab\practica3\t_r.m --> lorca.umh.es /u1/users/jsabater/libro practicas/matlab/practica3 t_r.m
101.02.27 17:12 B C:\Documents and Settings\j.sabater.UMHNET_PDI\Mis documentos\docencia\robotica\libro practicas\matlab\practica3\WalkerOrin3.m --> lorca.umh.es /u1/users/jsabater/libro practicas/matlab/practica3 WalkerOrin3.m
101.02.27 17:12 B C:\Documents and Settings\j.sabater.UMHNET_PDI\Mis documentos\docencia\robotica\libro practicas\matlab\practica3\WalkerOrin4.m --> lorca.umh.es /u1/users/jsabater/libro practicas/matlab/practica3 WalkerOrin4.m
101.02.27 17:12 B C:\Documents and Settings\j.sabater.UMHNET_PDI\Mis documentos\docencia\robotica\libro practicas\matlab\practica3\WalkerOrin6.m --> lorca.umh.es /u1/users/jsabater/libro practicas/matlab/practica3 WalkerOrin6.m
101.02.27 17:12 B C:\Documents and Settings\j.sabater.UMHNET_PDI\Mis documentos\docencia\robotica\libro practicas\matlab\practica3\WalkerOrinRunge3.m --> lorca.umh.es /u1/users/jsabater/libro practicas/matlab/practica3 WalkerOrinRunge3.m
104.09.24 16:34 B D:\docencia\Control de Robots y Sistemas Sensoriales\libro practicas\matlab\practica3\animacion3.m --> isa.umh.es /home/jsabater/d/docencia/Control de Robots y Sistemas Sensoriales/libro practicas/matlab/practica3 animacion3.m
104.09.24 16:34 B D:\docencia\Control de Robots y Sistemas Sensoriales\libro practicas\matlab\practica3\denavit.m --> isa.umh.es /home/jsabater/d/docencia/Control de Robots y Sistemas Sensoriales/libro practicas/matlab/practica3 denavit.m
104.09.24 16:34 B D:\docencia\Control de Robots y Sistemas Sensoriales\libro practicas\matlab\practica3\DH.M --> isa.umh.es /home/jsabater/d/docencia/Control de Robots y Sistemas Sensoriales/libro practicas/matlab/practica3 DH.M
104.09.24 16:34 B D:\docencia\Control de Robots y Sistemas Sensoriales\libro practicas\matlab\practica3\F_P.M --> isa.umh.es /home/jsabater/d/docencia/Control de Robots y Sistemas Sensoriales/libro practicas/matlab/practica3 F_P.M
104.09.24 16:34 B D:\docencia\Control de Robots y Sistemas Sensoriales\libro practicas\matlab\practica3\H3.m --> isa.umh.es /home/jsabater/d/docencia/Control de Robots y Sistemas Sensoriales/libro practicas/matlab/practica3 H3.m
104.09.24 16:34 B D:\docencia\Control de Robots y Sistemas Sensoriales\libro practicas\matlab\practica3\H4.m --> isa.umh.es /home/jsabater/d/docencia/Control de Robots y Sistemas Sensoriales/libro practicas/matlab/practica3 H4.m
104.09.24 16:34 B D:\docencia\Control de Robots y Sistemas Sensoriales\libro practicas\matlab\practica3\H6.m --> isa.umh.es /home/jsabater/d/docencia/Control de Robots y Sistemas Sensoriales/libro practicas/matlab/practica3 H6.m
104.09.24 16:34 B D:\docencia\Control de Robots y Sistemas Sensoriales\libro practicas\matlab\practica3\newtoneuler3.m --> isa.umh.es /home/jsabater/d/docencia/Control de Robots y Sistemas Sensoriales/libro practicas/matlab/practica3 newtoneuler3.m
104.09.24 16:34 B D:\docencia\Control de Robots y Sistemas Sensoriales\libro practicas\matlab\practica3\newtoneuler4.m --> isa.umh.es /home/jsabater/d/docencia/Control de Robots y Sistemas Sensoriales/libro practicas/matlab/practica3 newtoneuler4.m
104.09.24 16:34 B D:\docencia\Control de Robots y Sistemas Sensoriales\libro practicas\matlab\practica3\newtoneuler6.m --> isa.umh.es /home/jsabater/d/docencia/Control de Robots y Sistemas Sensoriales/libro practicas/matlab/practica3 newtoneuler6.m
104.09.24 16:34 B D:\docencia\Control de Robots y Sistemas Sensoriales\libro practicas\matlab\practica3\practica5.zip --> isa.umh.es /home/jsabater/d/docencia/Control de Robots y Sistemas Sensoriales/libro practicas/matlab/practica3 practica5.zip
104.09.24 16:34 B D:\docencia\Control de Robots y Sistemas Sensoriales\libro practicas\matlab\practica3\RI0AI.M --> isa.umh.es /home/jsabater/d/docencia/Control de Robots y Sistemas Sensoriales/libro practicas/matlab/practica3 RI0AI.M
104.09.24 16:34 B D:\docencia\Control de Robots y Sistemas Sensoriales\libro practicas\matlab\practica3\RI0FI.M --> isa.umh.es /home/jsabater/d/docencia/Control de Robots y Sistemas Sensoriales/libro practicas/matlab/practica3 RI0FI.M
104.09.24 16:34 B D:\docencia\Control de Robots y Sistemas Sensoriales\libro practicas\matlab\practica3\RI0FIA.M --> isa.umh.es /home/jsabater/d/docencia/Control de Robots y Sistemas Sensoriales/libro practicas/matlab/practica3 RI0FIA.M
104.09.24 16:34 B D:\docencia\Control de Robots y Sistemas Sensoriales\libro practicas\matlab\practica3\RI0NI.M --> isa.umh.es /home/jsabater/d/docencia/Control de Robots y Sistemas Sensoriales/libro practicas/matlab/practica3 RI0NI.M
104.09.24 16:34 B D:\docencia\Control de Robots y Sistemas Sensoriales\libro practicas\matlab\practica3\RI0NIA.M --> isa.umh.es /home/jsabater/d/docencia/Control de Robots y Sistemas Sensoriales/libro practicas/matlab/practica3 RI0NIA.M
104.09.24 16:34 B D:\docencia\Control de Robots y Sistemas Sensoriales\libro practicas\matlab\practica3\RI0PI.M --> isa.umh.es /home/jsabater/d/docencia/Control de Robots y Sistemas Sensoriales/libro practicas/matlab/practica3 RI0PI.M
104.09.24 16:34 B D:\docencia\Control de Robots y Sistemas Sensoriales\libro practicas\matlab\practica3\RI0SI.M --> isa.umh.es /home/jsabater/d/docencia/Control de Robots y Sistemas Sensoriales/libro practicas/matlab/practica3 RI0SI.M
104.09.24 16:34 B D:\docencia\Control de Robots y Sistemas Sensoriales\libro practicas\matlab\practica3\RI0VPI_P.M --> isa.umh.es /home/jsabater/d/docencia/Control de Robots y Sistemas Sensoriales/libro practicas/matlab/practica3 RI0VPI_P.M
104.09.24 16:34 B D:\docencia\Control de Robots y Sistemas Sensoriales\libro practicas\matlab\practica3\RI0VPI_R.M --> isa.umh.es /home/jsabater/d/docencia/Control de Robots y Sistemas Sensoriales/libro practicas/matlab/practica3 RI0VPI_R.M
104.09.24 16:34 B D:\docencia\Control de Robots y Sistemas Sensoriales\libro practicas\matlab\practica3\RI0WI.M --> isa.umh.es /home/jsabater/d/docencia/Control de Robots y Sistemas Sensoriales/libro practicas/matlab/practica3 RI0WI.M
104.09.24 16:34 B D:\docencia\Control de Robots y Sistemas Sensoriales\libro practicas\matlab\practica3\RI0WPI.M --> isa.umh.es /home/jsabater/d/docencia/Control de Robots y Sistemas Sensoriales/libro practicas/matlab/practica3 RI0WPI.M
104.09.24 16:34 B D:\docencia\Control de Robots y Sistemas Sensoriales\libro practicas\matlab\practica3\simula3.m --> isa.umh.es /home/jsabater/d/docencia/Control de Robots y Sistemas Sensoriales/libro practicas/matlab/practica3 simula3.m
104.09.24 16:34 B D:\docencia\Control de Robots y Sistemas Sensoriales\libro practicas\matlab\practica3\T_R.M --> isa.umh.es /home/jsabater/d/docencia/Control de Robots y Sistemas Sensoriales/libro practicas/matlab/practica3 T_R.M
104.09.24 16:34 B D:\docencia\Control de Robots y Sistemas Sensoriales\libro practicas\matlab\practica3\WalkerOrin3.m --> isa.umh.es /home/jsabater/d/docencia/Control de Robots y Sistemas Sensoriales/libro practicas/matlab/practica3 WalkerOrin3.m
104.09.24 16:34 B D:\docencia\Control de Robots y Sistemas Sensoriales\libro practicas\matlab\practica3\WalkerOrin4.m --> isa.umh.es /home/jsabater/d/docencia/Control de Robots y Sistemas Sensoriales/libro practicas/matlab/practica3 WalkerOrin4.m
104.09.24 16:34 B D:\docencia\Control de Robots y Sistemas Sensoriales\libro practicas\matlab\practica3\WalkerOrin6.m --> isa.umh.es /home/jsabater/d/docencia/Control de Robots y Sistemas Sensoriales/libro practicas/matlab/practica3 WalkerOrin6.m
104.09.24 16:34 B D:\docencia\Control de Robots y Sistemas Sensoriales\libro practicas\matlab\practica3\WalkerOrinRunge3.m --> isa.umh.es /home/jsabater/d/docencia/Control de Robots y Sistemas Sensoriales/libro practicas/matlab/practica3 WalkerOrinRunge3.m
