100.08.04 17:30 B D:\usuarios\jm.azorin\robotica\libro\capitulo6\4gdl\4gdl.mat --> lorca.umh.es /u1/users/jmazorin/backup_agosto/jm.azorin/robotica/libro/capitulo6/4gdl 4gdl.mat
100.08.04 17:30 B D:\usuarios\jm.azorin\robotica\libro\capitulo6\4gdl\animacion4.m --> lorca.umh.es /u1/users/jmazorin/backup_agosto/jm.azorin/robotica/libro/capitulo6/4gdl animacion4.m
100.08.04 17:30 B D:\usuarios\jm.azorin\robotica\libro\capitulo6\4gdl\cininv4gdl.m --> lorca.umh.es /u1/users/jmazorin/backup_agosto/jm.azorin/robotica/libro/capitulo6/4gdl cininv4gdl.m
100.08.04 17:30 B D:\usuarios\jm.azorin\robotica\libro\capitulo6\4gdl\denavit.m --> lorca.umh.es /u1/users/jmazorin/backup_agosto/jm.azorin/robotica/libro/capitulo6/4gdl denavit.m
100.08.04 17:30 B D:\usuarios\jm.azorin\robotica\libro\capitulo6\4gdl\DH.M --> lorca.umh.es /u1/users/jmazorin/backup_agosto/jm.azorin/robotica/libro/capitulo6/4gdl DH.M
100.08.04 17:30 B D:\usuarios\jm.azorin\robotica\libro\capitulo6\4gdl\dindir4gdl.m --> lorca.umh.es /u1/users/jmazorin/backup_agosto/jm.azorin/robotica/libro/capitulo6/4gdl dindir4gdl.m
100.08.04 17:30 B D:\usuarios\jm.azorin\robotica\libro\capitulo6\4gdl\dininv4gdl.m --> lorca.umh.es /u1/users/jmazorin/backup_agosto/jm.azorin/robotica/libro/capitulo6/4gdl dininv4gdl.m
100.08.04 17:30 B D:\usuarios\jm.azorin\robotica\libro\capitulo6\4gdl\drawrobot3d4.m --> lorca.umh.es /u1/users/jmazorin/backup_agosto/jm.azorin/robotica/libro/capitulo6/4gdl drawrobot3d4.m
100.08.04 17:30 B D:\usuarios\jm.azorin\robotica\libro\capitulo6\4gdl\F_P.M --> lorca.umh.es /u1/users/jmazorin/backup_agosto/jm.azorin/robotica/libro/capitulo6/4gdl F_P.M
100.08.04 17:30 B D:\usuarios\jm.azorin\robotica\libro\capitulo6\4gdl\H4.m --> lorca.umh.es /u1/users/jmazorin/backup_agosto/jm.azorin/robotica/libro/capitulo6/4gdl H4.m
100.08.04 17:30 B D:\usuarios\jm.azorin\robotica\libro\capitulo6\4gdl\inversekinematic4.m --> lorca.umh.es /u1/users/jmazorin/backup_agosto/jm.azorin/robotica/libro/capitulo6/4gdl inversekinematic4.m
100.08.04 17:30 B D:\usuarios\jm.azorin\robotica\libro\capitulo6\4gdl\newtoneuler4.m --> lorca.umh.es /u1/users/jmazorin/backup_agosto/jm.azorin/robotica/libro/capitulo6/4gdl newtoneuler4.m
100.08.04 17:30 B D:\usuarios\jm.azorin\robotica\libro\capitulo6\4gdl\planifica4.m --> lorca.umh.es /u1/users/jmazorin/backup_agosto/jm.azorin/robotica/libro/capitulo6/4gdl planifica4.m
100.08.04 17:30 B D:\usuarios\jm.azorin\robotica\libro\capitulo6\4gdl\RI0AI.M --> lorca.umh.es /u1/users/jmazorin/backup_agosto/jm.azorin/robotica/libro/capitulo6/4gdl RI0AI.M
100.08.04 17:30 B D:\usuarios\jm.azorin\robotica\libro\capitulo6\4gdl\RI0FI.M --> lorca.umh.es /u1/users/jmazorin/backup_agosto/jm.azorin/robotica/libro/capitulo6/4gdl RI0FI.M
100.08.04 17:30 B D:\usuarios\jm.azorin\robotica\libro\capitulo6\4gdl\RI0FIA.M --> lorca.umh.es /u1/users/jmazorin/backup_agosto/jm.azorin/robotica/libro/capitulo6/4gdl RI0FIA.M
100.08.04 17:30 B D:\usuarios\jm.azorin\robotica\libro\capitulo6\4gdl\RI0NI.M --> lorca.umh.es /u1/users/jmazorin/backup_agosto/jm.azorin/robotica/libro/capitulo6/4gdl RI0NI.M
100.08.04 17:30 B D:\usuarios\jm.azorin\robotica\libro\capitulo6\4gdl\RI0NIA.M --> lorca.umh.es /u1/users/jmazorin/backup_agosto/jm.azorin/robotica/libro/capitulo6/4gdl RI0NIA.M
100.08.04 17:30 B D:\usuarios\jm.azorin\robotica\libro\capitulo6\4gdl\RI0PI.M --> lorca.umh.es /u1/users/jmazorin/backup_agosto/jm.azorin/robotica/libro/capitulo6/4gdl RI0PI.M
100.08.04 17:30 B D:\usuarios\jm.azorin\robotica\libro\capitulo6\4gdl\RI0SI.M --> lorca.umh.es /u1/users/jmazorin/backup_agosto/jm.azorin/robotica/libro/capitulo6/4gdl RI0SI.M
100.08.04 17:30 B D:\usuarios\jm.azorin\robotica\libro\capitulo6\4gdl\RI0VPI_P.M --> lorca.umh.es /u1/users/jmazorin/backup_agosto/jm.azorin/robotica/libro/capitulo6/4gdl RI0VPI_P.M
100.08.04 17:30 B D:\usuarios\jm.azorin\robotica\libro\capitulo6\4gdl\RI0VPI_R.M --> lorca.umh.es /u1/users/jmazorin/backup_agosto/jm.azorin/robotica/libro/capitulo6/4gdl RI0VPI_R.M
100.08.04 17:30 B D:\usuarios\jm.azorin\robotica\libro\capitulo6\4gdl\RI0WI.M --> lorca.umh.es /u1/users/jmazorin/backup_agosto/jm.azorin/robotica/libro/capitulo6/4gdl RI0WI.M
100.08.04 17:30 B D:\usuarios\jm.azorin\robotica\libro\capitulo6\4gdl\RI0WPI.M --> lorca.umh.es /u1/users/jmazorin/backup_agosto/jm.azorin/robotica/libro/capitulo6/4gdl RI0WPI.M
100.08.04 17:30 B D:\usuarios\jm.azorin\robotica\libro\capitulo6\4gdl\selmotor4.mdl --> lorca.umh.es /u1/users/jmazorin/backup_agosto/jm.azorin/robotica/libro/capitulo6/4gdl selmotor4.mdl
100.08.04 17:30 B D:\usuarios\jm.azorin\robotica\libro\capitulo6\4gdl\simulador4.mdl --> lorca.umh.es /u1/users/jmazorin/backup_agosto/jm.azorin/robotica/libro/capitulo6/4gdl simulador4.mdl
100.08.04 17:30 B D:\usuarios\jm.azorin\robotica\libro\capitulo6\4gdl\sintonizar1d4.mdl --> lorca.umh.es /u1/users/jmazorin/backup_agosto/jm.azorin/robotica/libro/capitulo6/4gdl sintonizar1d4.mdl
100.08.04 17:30 B D:\usuarios\jm.azorin\robotica\libro\capitulo6\4gdl\sintonizar2d4.mdl --> lorca.umh.es /u1/users/jmazorin/backup_agosto/jm.azorin/robotica/libro/capitulo6/4gdl sintonizar2d4.mdl
100.08.04 17:30 B D:\usuarios\jm.azorin\robotica\libro\capitulo6\4gdl\sintonizar3d4.mdl --> lorca.umh.es /u1/users/jmazorin/backup_agosto/jm.azorin/robotica/libro/capitulo6/4gdl sintonizar3d4.mdl
100.08.04 17:30 B D:\usuarios\jm.azorin\robotica\libro\capitulo6\4gdl\sintonizar4d4.mdl --> lorca.umh.es /u1/users/jmazorin/backup_agosto/jm.azorin/robotica/libro/capitulo6/4gdl sintonizar4d4.mdl
100.08.04 17:30 B D:\usuarios\jm.azorin\robotica\libro\capitulo6\4gdl\T_R.M --> lorca.umh.es /u1/users/jmazorin/backup_agosto/jm.azorin/robotica/libro/capitulo6/4gdl T_R.M
100.08.04 17:30 B D:\usuarios\jm.azorin\robotica\libro\capitulo6\4gdl\trapezoidal.m --> lorca.umh.es /u1/users/jmazorin/backup_agosto/jm.azorin/robotica/libro/capitulo6/4gdl trapezoidal.m
100.08.04 17:30 B D:\usuarios\jm.azorin\robotica\libro\capitulo6\4gdl\WalkerOrin4.m --> lorca.umh.es /u1/users/jmazorin/backup_agosto/jm.azorin/robotica/libro/capitulo6/4gdl WalkerOrin4.m
101.02.27 17:12 B C:\Documents and Settings\j.sabater.UMHNET_PDI\Mis documentos\docencia\robotica\libro practicas\matlab\practica6\4gdl\4gdl.mat --> lorca.umh.es /u1/users/jsabater/libro practicas/matlab/practica6/4gdl 4gdl.mat
101.02.27 17:12 B C:\Documents and Settings\j.sabater.UMHNET_PDI\Mis documentos\docencia\robotica\libro practicas\matlab\practica6\4gdl\animacion4.m --> lorca.umh.es /u1/users/jsabater/libro practicas/matlab/practica6/4gdl animacion4.m
101.02.27 17:12 B C:\Documents and Settings\j.sabater.UMHNET_PDI\Mis documentos\docencia\robotica\libro practicas\matlab\practica6\4gdl\cininv4gdl.m --> lorca.umh.es /u1/users/jsabater/libro practicas/matlab/practica6/4gdl cininv4gdl.m
101.02.27 17:12 B C:\Documents and Settings\j.sabater.UMHNET_PDI\Mis documentos\docencia\robotica\libro practicas\matlab\practica6\4gdl\denavit.m --> lorca.umh.es /u1/users/jsabater/libro practicas/matlab/practica6/4gdl denavit.m
101.02.27 17:12 B C:\Documents and Settings\j.sabater.UMHNET_PDI\Mis documentos\docencia\robotica\libro practicas\matlab\practica6\4gdl\dh.m --> lorca.umh.es /u1/users/jsabater/libro practicas/matlab/practica6/4gdl dh.m
101.02.27 17:12 B C:\Documents and Settings\j.sabater.UMHNET_PDI\Mis documentos\docencia\robotica\libro practicas\matlab\practica6\4gdl\dindir4gdl.m --> lorca.umh.es /u1/users/jsabater/libro practicas/matlab/practica6/4gdl dindir4gdl.m
101.02.27 17:12 B C:\Documents and Settings\j.sabater.UMHNET_PDI\Mis documentos\docencia\robotica\libro practicas\matlab\practica6\4gdl\dininv4gdl.m --> lorca.umh.es /u1/users/jsabater/libro practicas/matlab/practica6/4gdl dininv4gdl.m
101.02.27 17:12 B C:\Documents and Settings\j.sabater.UMHNET_PDI\Mis documentos\docencia\robotica\libro practicas\matlab\practica6\4gdl\drawrobot3d4.m --> lorca.umh.es /u1/users/jsabater/libro practicas/matlab/practica6/4gdl drawrobot3d4.m
101.02.27 17:12 B C:\Documents and Settings\j.sabater.UMHNET_PDI\Mis documentos\docencia\robotica\libro practicas\matlab\practica6\4gdl\f_p.m --> lorca.umh.es /u1/users/jsabater/libro practicas/matlab/practica6/4gdl f_p.m
101.02.27 17:12 B C:\Documents and Settings\j.sabater.UMHNET_PDI\Mis documentos\docencia\robotica\libro practicas\matlab\practica6\4gdl\H4.m --> lorca.umh.es /u1/users/jsabater/libro practicas/matlab/practica6/4gdl H4.m
101.02.27 17:12 B C:\Documents and Settings\j.sabater.UMHNET_PDI\Mis documentos\docencia\robotica\libro practicas\matlab\practica6\4gdl\inversekinematic4.m --> lorca.umh.es /u1/users/jsabater/libro practicas/matlab/practica6/4gdl inversekinematic4.m
101.02.27 17:12 B C:\Documents and Settings\j.sabater.UMHNET_PDI\Mis documentos\docencia\robotica\libro practicas\matlab\practica6\4gdl\newtoneuler4.m --> lorca.umh.es /u1/users/jsabater/libro practicas/matlab/practica6/4gdl newtoneuler4.m
101.02.27 17:12 B C:\Documents and Settings\j.sabater.UMHNET_PDI\Mis documentos\docencia\robotica\libro practicas\matlab\practica6\4gdl\planifica4.m --> lorca.umh.es /u1/users/jsabater/libro practicas/matlab/practica6/4gdl planifica4.m
101.02.27 17:12 B C:\Documents and Settings\j.sabater.UMHNET_PDI\Mis documentos\docencia\robotica\libro practicas\matlab\practica6\4gdl\ri0ai.m --> lorca.umh.es /u1/users/jsabater/libro practicas/matlab/practica6/4gdl ri0ai.m
101.02.27 17:12 B C:\Documents and Settings\j.sabater.UMHNET_PDI\Mis documentos\docencia\robotica\libro practicas\matlab\practica6\4gdl\ri0fi.m --> lorca.umh.es /u1/users/jsabater/libro practicas/matlab/practica6/4gdl ri0fi.m
101.02.27 17:12 B C:\Documents and Settings\j.sabater.UMHNET_PDI\Mis documentos\docencia\robotica\libro practicas\matlab\practica6\4gdl\ri0fia.m --> lorca.umh.es /u1/users/jsabater/libro practicas/matlab/practica6/4gdl ri0fia.m
101.02.27 17:12 B C:\Documents and Settings\j.sabater.UMHNET_PDI\Mis documentos\docencia\robotica\libro practicas\matlab\practica6\4gdl\ri0ni.m --> lorca.umh.es /u1/users/jsabater/libro practicas/matlab/practica6/4gdl ri0ni.m
101.02.27 17:12 B C:\Documents and Settings\j.sabater.UMHNET_PDI\Mis documentos\docencia\robotica\libro practicas\matlab\practica6\4gdl\ri0nia.m --> lorca.umh.es /u1/users/jsabater/libro practicas/matlab/practica6/4gdl ri0nia.m
101.02.27 17:12 B C:\Documents and Settings\j.sabater.UMHNET_PDI\Mis documentos\docencia\robotica\libro practicas\matlab\practica6\4gdl\ri0pi.m --> lorca.umh.es /u1/users/jsabater/libro practicas/matlab/practica6/4gdl ri0pi.m
101.02.27 17:12 B C:\Documents and Settings\j.sabater.UMHNET_PDI\Mis documentos\docencia\robotica\libro practicas\matlab\practica6\4gdl\ri0si.m --> lorca.umh.es /u1/users/jsabater/libro practicas/matlab/practica6/4gdl ri0si.m
101.02.27 17:12 B C:\Documents and Settings\j.sabater.UMHNET_PDI\Mis documentos\docencia\robotica\libro practicas\matlab\practica6\4gdl\ri0vpi_p.m --> lorca.umh.es /u1/users/jsabater/libro practicas/matlab/practica6/4gdl ri0vpi_p.m
101.02.27 17:12 B C:\Documents and Settings\j.sabater.UMHNET_PDI\Mis documentos\docencia\robotica\libro practicas\matlab\practica6\4gdl\ri0vpi_r.m --> lorca.umh.es /u1/users/jsabater/libro practicas/matlab/practica6/4gdl ri0vpi_r.m
101.02.27 17:12 B C:\Documents and Settings\j.sabater.UMHNET_PDI\Mis documentos\docencia\robotica\libro practicas\matlab\practica6\4gdl\ri0wi.m --> lorca.umh.es /u1/users/jsabater/libro practicas/matlab/practica6/4gdl ri0wi.m
101.02.27 17:12 B C:\Documents and Settings\j.sabater.UMHNET_PDI\Mis documentos\docencia\robotica\libro practicas\matlab\practica6\4gdl\ri0wpi.m --> lorca.umh.es /u1/users/jsabater/libro practicas/matlab/practica6/4gdl ri0wpi.m
101.02.27 17:12 B C:\Documents and Settings\j.sabater.UMHNET_PDI\Mis documentos\docencia\robotica\libro practicas\matlab\practica6\4gdl\selmotor4.mdl --> lorca.umh.es /u1/users/jsabater/libro practicas/matlab/practica6/4gdl selmotor4.mdl
101.02.27 17:12 B C:\Documents and Settings\j.sabater.UMHNET_PDI\Mis documentos\docencia\robotica\libro practicas\matlab\practica6\4gdl\simulador4.mdl --> lorca.umh.es /u1/users/jsabater/libro practicas/matlab/practica6/4gdl simulador4.mdl
101.02.27 17:12 B C:\Documents and Settings\j.sabater.UMHNET_PDI\Mis documentos\docencia\robotica\libro practicas\matlab\practica6\4gdl\sintonizar1d4.mdl --> lorca.umh.es /u1/users/jsabater/libro practicas/matlab/practica6/4gdl sintonizar1d4.mdl
101.02.27 17:12 B C:\Documents and Settings\j.sabater.UMHNET_PDI\Mis documentos\docencia\robotica\libro practicas\matlab\practica6\4gdl\sintonizar2d4.mdl --> lorca.umh.es /u1/users/jsabater/libro practicas/matlab/practica6/4gdl sintonizar2d4.mdl
101.02.27 17:12 B C:\Documents and Settings\j.sabater.UMHNET_PDI\Mis documentos\docencia\robotica\libro practicas\matlab\practica6\4gdl\sintonizar3d4.mdl --> lorca.umh.es /u1/users/jsabater/libro practicas/matlab/practica6/4gdl sintonizar3d4.mdl
101.02.27 17:12 B C:\Documents and Settings\j.sabater.UMHNET_PDI\Mis documentos\docencia\robotica\libro practicas\matlab\practica6\4gdl\sintonizar4d4.mdl --> lorca.umh.es /u1/users/jsabater/libro practicas/matlab/practica6/4gdl sintonizar4d4.mdl
101.02.27 17:12 B C:\Documents and Settings\j.sabater.UMHNET_PDI\Mis documentos\docencia\robotica\libro practicas\matlab\practica6\4gdl\t_r.m --> lorca.umh.es /u1/users/jsabater/libro practicas/matlab/practica6/4gdl t_r.m
101.02.27 17:12 B C:\Documents and Settings\j.sabater.UMHNET_PDI\Mis documentos\docencia\robotica\libro practicas\matlab\practica6\4gdl\trapezoidal.m --> lorca.umh.es /u1/users/jsabater/libro practicas/matlab/practica6/4gdl trapezoidal.m
101.02.27 17:12 B C:\Documents and Settings\j.sabater.UMHNET_PDI\Mis documentos\docencia\robotica\libro practicas\matlab\practica6\4gdl\WalkerOrin4.m --> lorca.umh.es /u1/users/jsabater/libro practicas/matlab/practica6/4gdl WalkerOrin4.m
101.02.27 17:12 B C:\Documents and Settings\j.sabater.UMHNET_PDI\Mis documentos\docencia\robotica\libro practicas\matlab\practica6\4gdl\ws_ftp.log --> lorca.umh.es /u1/users/jsabater/libro practicas/matlab/practica6/4gdl ws_ftp.log
104.09.24 16:34 B D:\docencia\Control de Robots y Sistemas Sensoriales\libro practicas\matlab\practica6\4gdl\4gdl.mat --> isa.umh.es /home/jsabater/d/docencia/Control de Robots y Sistemas Sensoriales/libro practicas/matlab/practica6/4gdl 4gdl.mat
104.09.24 16:34 B D:\docencia\Control de Robots y Sistemas Sensoriales\libro practicas\matlab\practica6\4gdl\animacion4.m --> isa.umh.es /home/jsabater/d/docencia/Control de Robots y Sistemas Sensoriales/libro practicas/matlab/practica6/4gdl animacion4.m
104.09.24 16:34 B D:\docencia\Control de Robots y Sistemas Sensoriales\libro practicas\matlab\practica6\4gdl\cininv4gdl.m --> isa.umh.es /home/jsabater/d/docencia/Control de Robots y Sistemas Sensoriales/libro practicas/matlab/practica6/4gdl cininv4gdl.m
104.09.24 16:34 B D:\docencia\Control de Robots y Sistemas Sensoriales\libro practicas\matlab\practica6\4gdl\denavit.m --> isa.umh.es /home/jsabater/d/docencia/Control de Robots y Sistemas Sensoriales/libro practicas/matlab/practica6/4gdl denavit.m
104.09.24 16:34 B D:\docencia\Control de Robots y Sistemas Sensoriales\libro practicas\matlab\practica6\4gdl\DH.M --> isa.umh.es /home/jsabater/d/docencia/Control de Robots y Sistemas Sensoriales/libro practicas/matlab/practica6/4gdl DH.M
104.09.24 16:34 B D:\docencia\Control de Robots y Sistemas Sensoriales\libro practicas\matlab\practica6\4gdl\dindir4gdl.m --> isa.umh.es /home/jsabater/d/docencia/Control de Robots y Sistemas Sensoriales/libro practicas/matlab/practica6/4gdl dindir4gdl.m
104.09.24 16:34 B D:\docencia\Control de Robots y Sistemas Sensoriales\libro practicas\matlab\practica6\4gdl\dininv4gdl.m --> isa.umh.es /home/jsabater/d/docencia/Control de Robots y Sistemas Sensoriales/libro practicas/matlab/practica6/4gdl dininv4gdl.m
104.09.24 16:34 B D:\docencia\Control de Robots y Sistemas Sensoriales\libro practicas\matlab\practica6\4gdl\drawrobot3d4.m --> isa.umh.es /home/jsabater/d/docencia/Control de Robots y Sistemas Sensoriales/libro practicas/matlab/practica6/4gdl drawrobot3d4.m
104.09.24 16:34 B D:\docencia\Control de Robots y Sistemas Sensoriales\libro practicas\matlab\practica6\4gdl\F_P.M --> isa.umh.es /home/jsabater/d/docencia/Control de Robots y Sistemas Sensoriales/libro practicas/matlab/practica6/4gdl F_P.M
104.09.24 16:34 B D:\docencia\Control de Robots y Sistemas Sensoriales\libro practicas\matlab\practica6\4gdl\H4.m --> isa.umh.es /home/jsabater/d/docencia/Control de Robots y Sistemas Sensoriales/libro practicas/matlab/practica6/4gdl H4.m
104.09.24 16:34 B D:\docencia\Control de Robots y Sistemas Sensoriales\libro practicas\matlab\practica6\4gdl\inversekinematic4.m --> isa.umh.es /home/jsabater/d/docencia/Control de Robots y Sistemas Sensoriales/libro practicas/matlab/practica6/4gdl inversekinematic4.m
104.09.24 16:34 B D:\docencia\Control de Robots y Sistemas Sensoriales\libro practicas\matlab\practica6\4gdl\newtoneuler4.m --> isa.umh.es /home/jsabater/d/docencia/Control de Robots y Sistemas Sensoriales/libro practicas/matlab/practica6/4gdl newtoneuler4.m
104.09.24 16:34 B D:\docencia\Control de Robots y Sistemas Sensoriales\libro practicas\matlab\practica6\4gdl\planifica4.m --> isa.umh.es /home/jsabater/d/docencia/Control de Robots y Sistemas Sensoriales/libro practicas/matlab/practica6/4gdl planifica4.m
104.09.24 16:34 B D:\docencia\Control de Robots y Sistemas Sensoriales\libro practicas\matlab\practica6\4gdl\RI0AI.M --> isa.umh.es /home/jsabater/d/docencia/Control de Robots y Sistemas Sensoriales/libro practicas/matlab/practica6/4gdl RI0AI.M
104.09.24 16:34 B D:\docencia\Control de Robots y Sistemas Sensoriales\libro practicas\matlab\practica6\4gdl\RI0FI.M --> isa.umh.es /home/jsabater/d/docencia/Control de Robots y Sistemas Sensoriales/libro practicas/matlab/practica6/4gdl RI0FI.M
104.09.24 16:34 B D:\docencia\Control de Robots y Sistemas Sensoriales\libro practicas\matlab\practica6\4gdl\RI0FIA.M --> isa.umh.es /home/jsabater/d/docencia/Control de Robots y Sistemas Sensoriales/libro practicas/matlab/practica6/4gdl RI0FIA.M
104.09.24 16:34 B D:\docencia\Control de Robots y Sistemas Sensoriales\libro practicas\matlab\practica6\4gdl\RI0NI.M --> isa.umh.es /home/jsabater/d/docencia/Control de Robots y Sistemas Sensoriales/libro practicas/matlab/practica6/4gdl RI0NI.M
104.09.24 16:34 B D:\docencia\Control de Robots y Sistemas Sensoriales\libro practicas\matlab\practica6\4gdl\RI0NIA.M --> isa.umh.es /home/jsabater/d/docencia/Control de Robots y Sistemas Sensoriales/libro practicas/matlab/practica6/4gdl RI0NIA.M
104.09.24 16:34 B D:\docencia\Control de Robots y Sistemas Sensoriales\libro practicas\matlab\practica6\4gdl\RI0PI.M --> isa.umh.es /home/jsabater/d/docencia/Control de Robots y Sistemas Sensoriales/libro practicas/matlab/practica6/4gdl RI0PI.M
104.09.24 16:34 B D:\docencia\Control de Robots y Sistemas Sensoriales\libro practicas\matlab\practica6\4gdl\RI0SI.M --> isa.umh.es /home/jsabater/d/docencia/Control de Robots y Sistemas Sensoriales/libro practicas/matlab/practica6/4gdl RI0SI.M
104.09.24 16:34 B D:\docencia\Control de Robots y Sistemas Sensoriales\libro practicas\matlab\practica6\4gdl\RI0VPI_P.M --> isa.umh.es /home/jsabater/d/docencia/Control de Robots y Sistemas Sensoriales/libro practicas/matlab/practica6/4gdl RI0VPI_P.M
104.09.24 16:34 B D:\docencia\Control de Robots y Sistemas Sensoriales\libro practicas\matlab\practica6\4gdl\RI0VPI_R.M --> isa.umh.es /home/jsabater/d/docencia/Control de Robots y Sistemas Sensoriales/libro practicas/matlab/practica6/4gdl RI0VPI_R.M
104.09.24 16:34 B D:\docencia\Control de Robots y Sistemas Sensoriales\libro practicas\matlab\practica6\4gdl\RI0WI.M --> isa.umh.es /home/jsabater/d/docencia/Control de Robots y Sistemas Sensoriales/libro practicas/matlab/practica6/4gdl RI0WI.M
104.09.24 16:34 B D:\docencia\Control de Robots y Sistemas Sensoriales\libro practicas\matlab\practica6\4gdl\RI0WPI.M --> isa.umh.es /home/jsabater/d/docencia/Control de Robots y Sistemas Sensoriales/libro practicas/matlab/practica6/4gdl RI0WPI.M
104.09.24 16:34 B D:\docencia\Control de Robots y Sistemas Sensoriales\libro practicas\matlab\practica6\4gdl\selmotor4.mdl --> isa.umh.es /home/jsabater/d/docencia/Control de Robots y Sistemas Sensoriales/libro practicas/matlab/practica6/4gdl selmotor4.mdl
104.09.24 16:34 B D:\docencia\Control de Robots y Sistemas Sensoriales\libro practicas\matlab\practica6\4gdl\simulador4.mdl --> isa.umh.es /home/jsabater/d/docencia/Control de Robots y Sistemas Sensoriales/libro practicas/matlab/practica6/4gdl simulador4.mdl
104.09.24 16:34 B D:\docencia\Control de Robots y Sistemas Sensoriales\libro practicas\matlab\practica6\4gdl\sintonizar1d4.mdl --> isa.umh.es /home/jsabater/d/docencia/Control de Robots y Sistemas Sensoriales/libro practicas/matlab/practica6/4gdl sintonizar1d4.mdl
104.09.24 16:34 B D:\docencia\Control de Robots y Sistemas Sensoriales\libro practicas\matlab\practica6\4gdl\sintonizar2d4.mdl --> isa.umh.es /home/jsabater/d/docencia/Control de Robots y Sistemas Sensoriales/libro practicas/matlab/practica6/4gdl sintonizar2d4.mdl
104.09.24 16:34 B D:\docencia\Control de Robots y Sistemas Sensoriales\libro practicas\matlab\practica6\4gdl\sintonizar3d4.mdl --> isa.umh.es /home/jsabater/d/docencia/Control de Robots y Sistemas Sensoriales/libro practicas/matlab/practica6/4gdl sintonizar3d4.mdl
104.09.24 16:34 B D:\docencia\Control de Robots y Sistemas Sensoriales\libro practicas\matlab\practica6\4gdl\sintonizar4d4.mdl --> isa.umh.es /home/jsabater/d/docencia/Control de Robots y Sistemas Sensoriales/libro practicas/matlab/practica6/4gdl sintonizar4d4.mdl
104.09.24 16:34 B D:\docencia\Control de Robots y Sistemas Sensoriales\libro practicas\matlab\practica6\4gdl\T_R.M --> isa.umh.es /home/jsabater/d/docencia/Control de Robots y Sistemas Sensoriales/libro practicas/matlab/practica6/4gdl T_R.M
104.09.24 16:34 B D:\docencia\Control de Robots y Sistemas Sensoriales\libro practicas\matlab\practica6\4gdl\trapezoidal.m --> isa.umh.es /home/jsabater/d/docencia/Control de Robots y Sistemas Sensoriales/libro practicas/matlab/practica6/4gdl trapezoidal.m
104.09.24 16:34 B D:\docencia\Control de Robots y Sistemas Sensoriales\libro practicas\matlab\practica6\4gdl\WalkerOrin4.m --> isa.umh.es /home/jsabater/d/docencia/Control de Robots y Sistemas Sensoriales/libro practicas/matlab/practica6/4gdl WalkerOrin4.m
