101.02.27 17:12 B C:\Documents and Settings\j.sabater.UMHNET_PDI\Mis documentos\docencia\robotica\libro practicas\matlab\practica4\bldc.pdf --> lorca.umh.es /u1/users/jsabater/libro practicas/matlab/practica4 bldc.pdf
101.02.27 17:12 B C:\Documents and Settings\j.sabater.UMHNET_PDI\Mis documentos\docencia\robotica\libro practicas\matlab\practica4\cininv4gdl.m --> lorca.umh.es /u1/users/jsabater/libro practicas/matlab/practica4 cininv4gdl.m
101.02.27 17:12 B C:\Documents and Settings\j.sabater.UMHNET_PDI\Mis documentos\docencia\robotica\libro practicas\matlab\practica4\denavit.m --> lorca.umh.es /u1/users/jsabater/libro practicas/matlab/practica4 denavit.m
101.02.27 17:12 B C:\Documents and Settings\j.sabater.UMHNET_PDI\Mis documentos\docencia\robotica\libro practicas\matlab\practica4\dh.m --> lorca.umh.es /u1/users/jsabater/libro practicas/matlab/practica4 dh.m
101.02.27 17:12 B C:\Documents and Settings\j.sabater.UMHNET_PDI\Mis documentos\docencia\robotica\libro practicas\matlab\practica4\dininv3gdl.m --> lorca.umh.es /u1/users/jsabater/libro practicas/matlab/practica4 dininv3gdl.m
101.02.27 17:12 B C:\Documents and Settings\j.sabater.UMHNET_PDI\Mis documentos\docencia\robotica\libro practicas\matlab\practica4\dininv4gdl.m --> lorca.umh.es /u1/users/jsabater/libro practicas/matlab/practica4 dininv4gdl.m
101.02.27 17:12 B C:\Documents and Settings\j.sabater.UMHNET_PDI\Mis documentos\docencia\robotica\libro practicas\matlab\practica4\drawrobot3d4.m --> lorca.umh.es /u1/users/jsabater/libro practicas/matlab/practica4 drawrobot3d4.m
101.02.27 17:12 B C:\Documents and Settings\j.sabater.UMHNET_PDI\Mis documentos\docencia\robotica\libro practicas\matlab\practica4\f_p.m --> lorca.umh.es /u1/users/jsabater/libro practicas/matlab/practica4 f_p.m
101.02.27 17:12 B C:\Documents and Settings\j.sabater.UMHNET_PDI\Mis documentos\docencia\robotica\libro practicas\matlab\practica4\H4.m --> lorca.umh.es /u1/users/jsabater/libro practicas/matlab/practica4 H4.m
101.02.27 17:12 B C:\Documents and Settings\j.sabater.UMHNET_PDI\Mis documentos\docencia\robotica\libro practicas\matlab\practica4\inversekinematic4.m --> lorca.umh.es /u1/users/jsabater/libro practicas/matlab/practica4 inversekinematic4.m
101.02.27 17:12 B C:\Documents and Settings\j.sabater.UMHNET_PDI\Mis documentos\docencia\robotica\libro practicas\matlab\practica4\newtoneuler3.m --> lorca.umh.es /u1/users/jsabater/libro practicas/matlab/practica4 newtoneuler3.m
101.02.27 17:12 B C:\Documents and Settings\j.sabater.UMHNET_PDI\Mis documentos\docencia\robotica\libro practicas\matlab\practica4\newtoneuler4.m --> lorca.umh.es /u1/users/jsabater/libro practicas/matlab/practica4 newtoneuler4.m
101.02.27 17:12 B C:\Documents and Settings\j.sabater.UMHNET_PDI\Mis documentos\docencia\robotica\libro practicas\matlab\practica4\ri0ai.m --> lorca.umh.es /u1/users/jsabater/libro practicas/matlab/practica4 ri0ai.m
101.02.27 17:12 B C:\Documents and Settings\j.sabater.UMHNET_PDI\Mis documentos\docencia\robotica\libro practicas\matlab\practica4\ri0fi.m --> lorca.umh.es /u1/users/jsabater/libro practicas/matlab/practica4 ri0fi.m
101.02.27 17:12 B C:\Documents and Settings\j.sabater.UMHNET_PDI\Mis documentos\docencia\robotica\libro practicas\matlab\practica4\ri0fia.m --> lorca.umh.es /u1/users/jsabater/libro practicas/matlab/practica4 ri0fia.m
101.02.27 17:12 B C:\Documents and Settings\j.sabater.UMHNET_PDI\Mis documentos\docencia\robotica\libro practicas\matlab\practica4\ri0ni.m --> lorca.umh.es /u1/users/jsabater/libro practicas/matlab/practica4 ri0ni.m
101.02.27 17:12 B C:\Documents and Settings\j.sabater.UMHNET_PDI\Mis documentos\docencia\robotica\libro practicas\matlab\practica4\ri0nia.m --> lorca.umh.es /u1/users/jsabater/libro practicas/matlab/practica4 ri0nia.m
101.02.27 17:12 B C:\Documents and Settings\j.sabater.UMHNET_PDI\Mis documentos\docencia\robotica\libro practicas\matlab\practica4\ri0pi.m --> lorca.umh.es /u1/users/jsabater/libro practicas/matlab/practica4 ri0pi.m
101.02.27 17:12 B C:\Documents and Settings\j.sabater.UMHNET_PDI\Mis documentos\docencia\robotica\libro practicas\matlab\practica4\ri0si.m --> lorca.umh.es /u1/users/jsabater/libro practicas/matlab/practica4 ri0si.m
101.02.27 17:12 B C:\Documents and Settings\j.sabater.UMHNET_PDI\Mis documentos\docencia\robotica\libro practicas\matlab\practica4\ri0vpi_p.m --> lorca.umh.es /u1/users/jsabater/libro practicas/matlab/practica4 ri0vpi_p.m
101.02.27 17:12 B C:\Documents and Settings\j.sabater.UMHNET_PDI\Mis documentos\docencia\robotica\libro practicas\matlab\practica4\ri0vpi_r.m --> lorca.umh.es /u1/users/jsabater/libro practicas/matlab/practica4 ri0vpi_r.m
101.02.27 17:12 B C:\Documents and Settings\j.sabater.UMHNET_PDI\Mis documentos\docencia\robotica\libro practicas\matlab\practica4\ri0wi.m --> lorca.umh.es /u1/users/jsabater/libro practicas/matlab/practica4 ri0wi.m
101.02.27 17:12 B C:\Documents and Settings\j.sabater.UMHNET_PDI\Mis documentos\docencia\robotica\libro practicas\matlab\practica4\ri0wpi.m --> lorca.umh.es /u1/users/jsabater/libro practicas/matlab/practica4 ri0wpi.m
101.02.27 17:12 B C:\Documents and Settings\j.sabater.UMHNET_PDI\Mis documentos\docencia\robotica\libro practicas\matlab\practica4\selmotor.mdl --> lorca.umh.es /u1/users/jsabater/libro practicas/matlab/practica4 selmotor.mdl
101.02.27 17:12 B C:\Documents and Settings\j.sabater.UMHNET_PDI\Mis documentos\docencia\robotica\libro practicas\matlab\practica4\selmotor4.mdl --> lorca.umh.es /u1/users/jsabater/libro practicas/matlab/practica4 selmotor4.mdl
101.02.27 17:12 B C:\Documents and Settings\j.sabater.UMHNET_PDI\Mis documentos\docencia\robotica\libro practicas\matlab\practica4\t_r.m --> lorca.umh.es /u1/users/jsabater/libro practicas/matlab/practica4 t_r.m
101.02.27 17:12 B C:\Documents and Settings\j.sabater.UMHNET_PDI\Mis documentos\docencia\robotica\libro practicas\matlab\practica4\trapezoidal.m --> lorca.umh.es /u1/users/jsabater/libro practicas/matlab/practica4 trapezoidal.m
101.02.27 17:12 B C:\Documents and Settings\j.sabater.UMHNET_PDI\Mis documentos\docencia\robotica\libro practicas\matlab\practica4\WalkerOrin4.m --> lorca.umh.es /u1/users/jsabater/libro practicas/matlab/practica4 WalkerOrin4.m
104.09.24 16:34 B D:\docencia\Control de Robots y Sistemas Sensoriales\libro practicas\matlab\practica4\bldc.pdf --> isa.umh.es /home/jsabater/d/docencia/Control de Robots y Sistemas Sensoriales/libro practicas/matlab/practica4 bldc.pdf
104.09.24 16:34 B D:\docencia\Control de Robots y Sistemas Sensoriales\libro practicas\matlab\practica4\cininv4gdl.m --> isa.umh.es /home/jsabater/d/docencia/Control de Robots y Sistemas Sensoriales/libro practicas/matlab/practica4 cininv4gdl.m
104.09.24 16:34 B D:\docencia\Control de Robots y Sistemas Sensoriales\libro practicas\matlab\practica4\denavit.m --> isa.umh.es /home/jsabater/d/docencia/Control de Robots y Sistemas Sensoriales/libro practicas/matlab/practica4 denavit.m
104.09.24 16:34 B D:\docencia\Control de Robots y Sistemas Sensoriales\libro practicas\matlab\practica4\DH.M --> isa.umh.es /home/jsabater/d/docencia/Control de Robots y Sistemas Sensoriales/libro practicas/matlab/practica4 DH.M
104.09.24 16:34 B D:\docencia\Control de Robots y Sistemas Sensoriales\libro practicas\matlab\practica4\dinamica.zip --> isa.umh.es /home/jsabater/d/docencia/Control de Robots y Sistemas Sensoriales/libro practicas/matlab/practica4 dinamica.zip
104.09.24 16:34 B D:\docencia\Control de Robots y Sistemas Sensoriales\libro practicas\matlab\practica4\dininv3gdl.m --> isa.umh.es /home/jsabater/d/docencia/Control de Robots y Sistemas Sensoriales/libro practicas/matlab/practica4 dininv3gdl.m
104.09.24 16:34 B D:\docencia\Control de Robots y Sistemas Sensoriales\libro practicas\matlab\practica4\dininv4gdl.m --> isa.umh.es /home/jsabater/d/docencia/Control de Robots y Sistemas Sensoriales/libro practicas/matlab/practica4 dininv4gdl.m
104.09.24 16:34 B D:\docencia\Control de Robots y Sistemas Sensoriales\libro practicas\matlab\practica4\drawrobot3d4.m --> isa.umh.es /home/jsabater/d/docencia/Control de Robots y Sistemas Sensoriales/libro practicas/matlab/practica4 drawrobot3d4.m
104.09.24 16:34 B D:\docencia\Control de Robots y Sistemas Sensoriales\libro practicas\matlab\practica4\F_P.M --> isa.umh.es /home/jsabater/d/docencia/Control de Robots y Sistemas Sensoriales/libro practicas/matlab/practica4 F_P.M
104.09.24 16:34 B D:\docencia\Control de Robots y Sistemas Sensoriales\libro practicas\matlab\practica4\H4.m --> isa.umh.es /home/jsabater/d/docencia/Control de Robots y Sistemas Sensoriales/libro practicas/matlab/practica4 H4.m
104.09.24 16:34 B D:\docencia\Control de Robots y Sistemas Sensoriales\libro practicas\matlab\practica4\inversekinematic4.m --> isa.umh.es /home/jsabater/d/docencia/Control de Robots y Sistemas Sensoriales/libro practicas/matlab/practica4 inversekinematic4.m
104.09.24 16:34 B D:\docencia\Control de Robots y Sistemas Sensoriales\libro practicas\matlab\practica4\newtoneuler3.m --> isa.umh.es /home/jsabater/d/docencia/Control de Robots y Sistemas Sensoriales/libro practicas/matlab/practica4 newtoneuler3.m
104.09.24 16:34 B D:\docencia\Control de Robots y Sistemas Sensoriales\libro practicas\matlab\practica4\newtoneuler4.m --> isa.umh.es /home/jsabater/d/docencia/Control de Robots y Sistemas Sensoriales/libro practicas/matlab/practica4 newtoneuler4.m
104.09.24 16:34 B D:\docencia\Control de Robots y Sistemas Sensoriales\libro practicas\matlab\practica4\RI0AI.M --> isa.umh.es /home/jsabater/d/docencia/Control de Robots y Sistemas Sensoriales/libro practicas/matlab/practica4 RI0AI.M
104.09.24 16:34 B D:\docencia\Control de Robots y Sistemas Sensoriales\libro practicas\matlab\practica4\RI0FI.M --> isa.umh.es /home/jsabater/d/docencia/Control de Robots y Sistemas Sensoriales/libro practicas/matlab/practica4 RI0FI.M
104.09.24 16:34 B D:\docencia\Control de Robots y Sistemas Sensoriales\libro practicas\matlab\practica4\RI0FIA.M --> isa.umh.es /home/jsabater/d/docencia/Control de Robots y Sistemas Sensoriales/libro practicas/matlab/practica4 RI0FIA.M
104.09.24 16:34 B D:\docencia\Control de Robots y Sistemas Sensoriales\libro practicas\matlab\practica4\RI0NI.M --> isa.umh.es /home/jsabater/d/docencia/Control de Robots y Sistemas Sensoriales/libro practicas/matlab/practica4 RI0NI.M
104.09.24 16:34 B D:\docencia\Control de Robots y Sistemas Sensoriales\libro practicas\matlab\practica4\RI0NIA.M --> isa.umh.es /home/jsabater/d/docencia/Control de Robots y Sistemas Sensoriales/libro practicas/matlab/practica4 RI0NIA.M
104.09.24 16:34 B D:\docencia\Control de Robots y Sistemas Sensoriales\libro practicas\matlab\practica4\RI0PI.M --> isa.umh.es /home/jsabater/d/docencia/Control de Robots y Sistemas Sensoriales/libro practicas/matlab/practica4 RI0PI.M
104.09.24 16:34 B D:\docencia\Control de Robots y Sistemas Sensoriales\libro practicas\matlab\practica4\RI0SI.M --> isa.umh.es /home/jsabater/d/docencia/Control de Robots y Sistemas Sensoriales/libro practicas/matlab/practica4 RI0SI.M
104.09.24 16:34 B D:\docencia\Control de Robots y Sistemas Sensoriales\libro practicas\matlab\practica4\RI0VPI_P.M --> isa.umh.es /home/jsabater/d/docencia/Control de Robots y Sistemas Sensoriales/libro practicas/matlab/practica4 RI0VPI_P.M
104.09.24 16:34 B D:\docencia\Control de Robots y Sistemas Sensoriales\libro practicas\matlab\practica4\RI0VPI_R.M --> isa.umh.es /home/jsabater/d/docencia/Control de Robots y Sistemas Sensoriales/libro practicas/matlab/practica4 RI0VPI_R.M
104.09.24 16:34 B D:\docencia\Control de Robots y Sistemas Sensoriales\libro practicas\matlab\practica4\RI0WI.M --> isa.umh.es /home/jsabater/d/docencia/Control de Robots y Sistemas Sensoriales/libro practicas/matlab/practica4 RI0WI.M
104.09.24 16:34 B D:\docencia\Control de Robots y Sistemas Sensoriales\libro practicas\matlab\practica4\RI0WPI.M --> isa.umh.es /home/jsabater/d/docencia/Control de Robots y Sistemas Sensoriales/libro practicas/matlab/practica4 RI0WPI.M
104.09.24 16:34 B D:\docencia\Control de Robots y Sistemas Sensoriales\libro practicas\matlab\practica4\selmotor.mdl --> isa.umh.es /home/jsabater/d/docencia/Control de Robots y Sistemas Sensoriales/libro practicas/matlab/practica4 selmotor.mdl
104.09.24 16:34 B D:\docencia\Control de Robots y Sistemas Sensoriales\libro practicas\matlab\practica4\selmotor4.mdl --> isa.umh.es /home/jsabater/d/docencia/Control de Robots y Sistemas Sensoriales/libro practicas/matlab/practica4 selmotor4.mdl
104.09.24 16:34 B D:\docencia\Control de Robots y Sistemas Sensoriales\libro practicas\matlab\practica4\T_R.M --> isa.umh.es /home/jsabater/d/docencia/Control de Robots y Sistemas Sensoriales/libro practicas/matlab/practica4 T_R.M
104.09.24 16:34 B D:\docencia\Control de Robots y Sistemas Sensoriales\libro practicas\matlab\practica4\trapezoidal.m --> isa.umh.es /home/jsabater/d/docencia/Control de Robots y Sistemas Sensoriales/libro practicas/matlab/practica4 trapezoidal.m
104.09.24 16:34 B D:\docencia\Control de Robots y Sistemas Sensoriales\libro practicas\matlab\practica4\WalkerOrin4.m --> isa.umh.es /home/jsabater/d/docencia/Control de Robots y Sistemas Sensoriales/libro practicas/matlab/practica4 WalkerOrin4.m
