100.08.04 17:30 B D:\usuarios\jm.azorin\robotica\libro\capitulo6\6GDL\6gdl.mat --> lorca.umh.es /u1/users/jmazorin/backup_agosto/jm.azorin/robotica/libro/capitulo6/6GDL 6gdl.mat
100.08.04 17:30 B D:\usuarios\jm.azorin\robotica\libro\capitulo6\6GDL\animacion6.m --> lorca.umh.es /u1/users/jmazorin/backup_agosto/jm.azorin/robotica/libro/capitulo6/6GDL animacion6.m
100.08.04 17:30 B D:\usuarios\jm.azorin\robotica\libro\capitulo6\6GDL\cininv6gdl.m --> lorca.umh.es /u1/users/jmazorin/backup_agosto/jm.azorin/robotica/libro/capitulo6/6GDL cininv6gdl.m
100.08.04 17:30 B D:\usuarios\jm.azorin\robotica\libro\capitulo6\6GDL\denavit.m --> lorca.umh.es /u1/users/jmazorin/backup_agosto/jm.azorin/robotica/libro/capitulo6/6GDL denavit.m
100.08.04 17:30 B D:\usuarios\jm.azorin\robotica\libro\capitulo6\6GDL\DH.M --> lorca.umh.es /u1/users/jmazorin/backup_agosto/jm.azorin/robotica/libro/capitulo6/6GDL DH.M
100.08.04 17:30 B D:\usuarios\jm.azorin\robotica\libro\capitulo6\6GDL\dindir6gdl.m --> lorca.umh.es /u1/users/jmazorin/backup_agosto/jm.azorin/robotica/libro/capitulo6/6GDL dindir6gdl.m
100.08.04 17:30 B D:\usuarios\jm.azorin\robotica\libro\capitulo6\6GDL\dininv6gdl.m --> lorca.umh.es /u1/users/jmazorin/backup_agosto/jm.azorin/robotica/libro/capitulo6/6GDL dininv6gdl.m
100.08.04 17:30 B D:\usuarios\jm.azorin\robotica\libro\capitulo6\6GDL\drawrobot3d6.m --> lorca.umh.es /u1/users/jmazorin/backup_agosto/jm.azorin/robotica/libro/capitulo6/6GDL drawrobot3d6.m
100.08.04 17:30 B D:\usuarios\jm.azorin\robotica\libro\capitulo6\6GDL\F_P.M --> lorca.umh.es /u1/users/jmazorin/backup_agosto/jm.azorin/robotica/libro/capitulo6/6GDL F_P.M
100.08.04 17:30 B D:\usuarios\jm.azorin\robotica\libro\capitulo6\6GDL\H6.m --> lorca.umh.es /u1/users/jmazorin/backup_agosto/jm.azorin/robotica/libro/capitulo6/6GDL H6.m
100.08.04 17:30 B D:\usuarios\jm.azorin\robotica\libro\capitulo6\6GDL\inversekinematic6.m --> lorca.umh.es /u1/users/jmazorin/backup_agosto/jm.azorin/robotica/libro/capitulo6/6GDL inversekinematic6.m
100.08.04 17:30 B D:\usuarios\jm.azorin\robotica\libro\capitulo6\6GDL\newtoneuler6.m --> lorca.umh.es /u1/users/jmazorin/backup_agosto/jm.azorin/robotica/libro/capitulo6/6GDL newtoneuler6.m
100.08.04 17:30 B D:\usuarios\jm.azorin\robotica\libro\capitulo6\6GDL\planifica6.m --> lorca.umh.es /u1/users/jmazorin/backup_agosto/jm.azorin/robotica/libro/capitulo6/6GDL planifica6.m
100.08.04 17:30 B D:\usuarios\jm.azorin\robotica\libro\capitulo6\6GDL\RI0AI.M --> lorca.umh.es /u1/users/jmazorin/backup_agosto/jm.azorin/robotica/libro/capitulo6/6GDL RI0AI.M
100.08.04 17:30 B D:\usuarios\jm.azorin\robotica\libro\capitulo6\6GDL\RI0FI.M --> lorca.umh.es /u1/users/jmazorin/backup_agosto/jm.azorin/robotica/libro/capitulo6/6GDL RI0FI.M
100.08.04 17:30 B D:\usuarios\jm.azorin\robotica\libro\capitulo6\6GDL\RI0FIA.M --> lorca.umh.es /u1/users/jmazorin/backup_agosto/jm.azorin/robotica/libro/capitulo6/6GDL RI0FIA.M
100.08.04 17:30 B D:\usuarios\jm.azorin\robotica\libro\capitulo6\6GDL\RI0NI.M --> lorca.umh.es /u1/users/jmazorin/backup_agosto/jm.azorin/robotica/libro/capitulo6/6GDL RI0NI.M
100.08.04 17:30 B D:\usuarios\jm.azorin\robotica\libro\capitulo6\6GDL\RI0NIA.M --> lorca.umh.es /u1/users/jmazorin/backup_agosto/jm.azorin/robotica/libro/capitulo6/6GDL RI0NIA.M
100.08.04 17:30 B D:\usuarios\jm.azorin\robotica\libro\capitulo6\6GDL\RI0PI.M --> lorca.umh.es /u1/users/jmazorin/backup_agosto/jm.azorin/robotica/libro/capitulo6/6GDL RI0PI.M
100.08.04 17:30 B D:\usuarios\jm.azorin\robotica\libro\capitulo6\6GDL\RI0SI.M --> lorca.umh.es /u1/users/jmazorin/backup_agosto/jm.azorin/robotica/libro/capitulo6/6GDL RI0SI.M
100.08.04 17:30 B D:\usuarios\jm.azorin\robotica\libro\capitulo6\6GDL\RI0VPI_P.M --> lorca.umh.es /u1/users/jmazorin/backup_agosto/jm.azorin/robotica/libro/capitulo6/6GDL RI0VPI_P.M
100.08.04 17:30 B D:\usuarios\jm.azorin\robotica\libro\capitulo6\6GDL\RI0VPI_R.M --> lorca.umh.es /u1/users/jmazorin/backup_agosto/jm.azorin/robotica/libro/capitulo6/6GDL RI0VPI_R.M
100.08.04 17:30 B D:\usuarios\jm.azorin\robotica\libro\capitulo6\6GDL\RI0WI.M --> lorca.umh.es /u1/users/jmazorin/backup_agosto/jm.azorin/robotica/libro/capitulo6/6GDL RI0WI.M
100.08.04 17:30 B D:\usuarios\jm.azorin\robotica\libro\capitulo6\6GDL\RI0WPI.M --> lorca.umh.es /u1/users/jmazorin/backup_agosto/jm.azorin/robotica/libro/capitulo6/6GDL RI0WPI.M
100.08.04 17:30 B D:\usuarios\jm.azorin\robotica\libro\capitulo6\6GDL\selmotor6.mdl --> lorca.umh.es /u1/users/jmazorin/backup_agosto/jm.azorin/robotica/libro/capitulo6/6GDL selmotor6.mdl
100.08.04 17:30 B D:\usuarios\jm.azorin\robotica\libro\capitulo6\6GDL\simulador6.mdl --> lorca.umh.es /u1/users/jmazorin/backup_agosto/jm.azorin/robotica/libro/capitulo6/6GDL simulador6.mdl
100.08.04 17:30 B D:\usuarios\jm.azorin\robotica\libro\capitulo6\6GDL\sintonizar1d6.mdl --> lorca.umh.es /u1/users/jmazorin/backup_agosto/jm.azorin/robotica/libro/capitulo6/6GDL sintonizar1d6.mdl
100.08.04 17:30 B D:\usuarios\jm.azorin\robotica\libro\capitulo6\6GDL\sintonizar2d6.mdl --> lorca.umh.es /u1/users/jmazorin/backup_agosto/jm.azorin/robotica/libro/capitulo6/6GDL sintonizar2d6.mdl
100.08.04 17:30 B D:\usuarios\jm.azorin\robotica\libro\capitulo6\6GDL\sintonizar3d6.mdl --> lorca.umh.es /u1/users/jmazorin/backup_agosto/jm.azorin/robotica/libro/capitulo6/6GDL sintonizar3d6.mdl
100.08.04 17:30 B D:\usuarios\jm.azorin\robotica\libro\capitulo6\6GDL\sintonizar4d6.mdl --> lorca.umh.es /u1/users/jmazorin/backup_agosto/jm.azorin/robotica/libro/capitulo6/6GDL sintonizar4d6.mdl
100.08.04 17:30 B D:\usuarios\jm.azorin\robotica\libro\capitulo6\6GDL\sintonizar5d6.mdl --> lorca.umh.es /u1/users/jmazorin/backup_agosto/jm.azorin/robotica/libro/capitulo6/6GDL sintonizar5d6.mdl
100.08.04 17:30 B D:\usuarios\jm.azorin\robotica\libro\capitulo6\6GDL\sintonizar6d6.mdl --> lorca.umh.es /u1/users/jmazorin/backup_agosto/jm.azorin/robotica/libro/capitulo6/6GDL sintonizar6d6.mdl
100.08.04 17:30 B D:\usuarios\jm.azorin\robotica\libro\capitulo6\6GDL\T_R.M --> lorca.umh.es /u1/users/jmazorin/backup_agosto/jm.azorin/robotica/libro/capitulo6/6GDL T_R.M
100.08.04 17:30 B D:\usuarios\jm.azorin\robotica\libro\capitulo6\6GDL\trapezoidal.m --> lorca.umh.es /u1/users/jmazorin/backup_agosto/jm.azorin/robotica/libro/capitulo6/6GDL trapezoidal.m
100.08.04 17:30 B D:\usuarios\jm.azorin\robotica\libro\capitulo6\6GDL\WalkerOrin6.m --> lorca.umh.es /u1/users/jmazorin/backup_agosto/jm.azorin/robotica/libro/capitulo6/6GDL WalkerOrin6.m
101.02.27 17:12 B C:\Documents and Settings\j.sabater.UMHNET_PDI\Mis documentos\docencia\robotica\libro practicas\matlab\practica6\6gdl\6gdl.mat --> lorca.umh.es /u1/users/jsabater/libro practicas/matlab/practica6/6gdl 6gdl.mat
101.02.27 17:12 B C:\Documents and Settings\j.sabater.UMHNET_PDI\Mis documentos\docencia\robotica\libro practicas\matlab\practica6\6gdl\animacion6.m --> lorca.umh.es /u1/users/jsabater/libro practicas/matlab/practica6/6gdl animacion6.m
101.02.27 17:12 B C:\Documents and Settings\j.sabater.UMHNET_PDI\Mis documentos\docencia\robotica\libro practicas\matlab\practica6\6gdl\cininv6gdl.m --> lorca.umh.es /u1/users/jsabater/libro practicas/matlab/practica6/6gdl cininv6gdl.m
101.02.27 17:12 B C:\Documents and Settings\j.sabater.UMHNET_PDI\Mis documentos\docencia\robotica\libro practicas\matlab\practica6\6gdl\denavit.m --> lorca.umh.es /u1/users/jsabater/libro practicas/matlab/practica6/6gdl denavit.m
101.02.27 17:12 B C:\Documents and Settings\j.sabater.UMHNET_PDI\Mis documentos\docencia\robotica\libro practicas\matlab\practica6\6gdl\dh.m --> lorca.umh.es /u1/users/jsabater/libro practicas/matlab/practica6/6gdl dh.m
101.02.27 17:12 B C:\Documents and Settings\j.sabater.UMHNET_PDI\Mis documentos\docencia\robotica\libro practicas\matlab\practica6\6gdl\dindir6gdl.m --> lorca.umh.es /u1/users/jsabater/libro practicas/matlab/practica6/6gdl dindir6gdl.m
101.02.27 17:12 B C:\Documents and Settings\j.sabater.UMHNET_PDI\Mis documentos\docencia\robotica\libro practicas\matlab\practica6\6gdl\dininv6gdl.m --> lorca.umh.es /u1/users/jsabater/libro practicas/matlab/practica6/6gdl dininv6gdl.m
101.02.27 17:12 B C:\Documents and Settings\j.sabater.UMHNET_PDI\Mis documentos\docencia\robotica\libro practicas\matlab\practica6\6gdl\drawrobot3d6.m --> lorca.umh.es /u1/users/jsabater/libro practicas/matlab/practica6/6gdl drawrobot3d6.m
101.02.27 17:12 B C:\Documents and Settings\j.sabater.UMHNET_PDI\Mis documentos\docencia\robotica\libro practicas\matlab\practica6\6gdl\f_p.m --> lorca.umh.es /u1/users/jsabater/libro practicas/matlab/practica6/6gdl f_p.m
101.02.27 17:12 B C:\Documents and Settings\j.sabater.UMHNET_PDI\Mis documentos\docencia\robotica\libro practicas\matlab\practica6\6gdl\H6.m --> lorca.umh.es /u1/users/jsabater/libro practicas/matlab/practica6/6gdl H6.m
101.02.27 17:12 B C:\Documents and Settings\j.sabater.UMHNET_PDI\Mis documentos\docencia\robotica\libro practicas\matlab\practica6\6gdl\inversekinematic6.m --> lorca.umh.es /u1/users/jsabater/libro practicas/matlab/practica6/6gdl inversekinematic6.m
101.02.27 17:12 B C:\Documents and Settings\j.sabater.UMHNET_PDI\Mis documentos\docencia\robotica\libro practicas\matlab\practica6\6gdl\newtoneuler6.m --> lorca.umh.es /u1/users/jsabater/libro practicas/matlab/practica6/6gdl newtoneuler6.m
101.02.27 17:12 B C:\Documents and Settings\j.sabater.UMHNET_PDI\Mis documentos\docencia\robotica\libro practicas\matlab\practica6\6gdl\planifica6.m --> lorca.umh.es /u1/users/jsabater/libro practicas/matlab/practica6/6gdl planifica6.m
101.02.27 17:12 B C:\Documents and Settings\j.sabater.UMHNET_PDI\Mis documentos\docencia\robotica\libro practicas\matlab\practica6\6gdl\ri0ai.m --> lorca.umh.es /u1/users/jsabater/libro practicas/matlab/practica6/6gdl ri0ai.m
101.02.27 17:12 B C:\Documents and Settings\j.sabater.UMHNET_PDI\Mis documentos\docencia\robotica\libro practicas\matlab\practica6\6gdl\ri0fi.m --> lorca.umh.es /u1/users/jsabater/libro practicas/matlab/practica6/6gdl ri0fi.m
101.02.27 17:12 B C:\Documents and Settings\j.sabater.UMHNET_PDI\Mis documentos\docencia\robotica\libro practicas\matlab\practica6\6gdl\ri0fia.m --> lorca.umh.es /u1/users/jsabater/libro practicas/matlab/practica6/6gdl ri0fia.m
101.02.27 17:12 B C:\Documents and Settings\j.sabater.UMHNET_PDI\Mis documentos\docencia\robotica\libro practicas\matlab\practica6\6gdl\ri0ni.m --> lorca.umh.es /u1/users/jsabater/libro practicas/matlab/practica6/6gdl ri0ni.m
101.02.27 17:12 B C:\Documents and Settings\j.sabater.UMHNET_PDI\Mis documentos\docencia\robotica\libro practicas\matlab\practica6\6gdl\ri0nia.m --> lorca.umh.es /u1/users/jsabater/libro practicas/matlab/practica6/6gdl ri0nia.m
101.02.27 17:12 B C:\Documents and Settings\j.sabater.UMHNET_PDI\Mis documentos\docencia\robotica\libro practicas\matlab\practica6\6gdl\ri0pi.m --> lorca.umh.es /u1/users/jsabater/libro practicas/matlab/practica6/6gdl ri0pi.m
101.02.27 17:12 B C:\Documents and Settings\j.sabater.UMHNET_PDI\Mis documentos\docencia\robotica\libro practicas\matlab\practica6\6gdl\ri0si.m --> lorca.umh.es /u1/users/jsabater/libro practicas/matlab/practica6/6gdl ri0si.m
101.02.27 17:12 B C:\Documents and Settings\j.sabater.UMHNET_PDI\Mis documentos\docencia\robotica\libro practicas\matlab\practica6\6gdl\ri0vpi_p.m --> lorca.umh.es /u1/users/jsabater/libro practicas/matlab/practica6/6gdl ri0vpi_p.m
101.02.27 17:12 B C:\Documents and Settings\j.sabater.UMHNET_PDI\Mis documentos\docencia\robotica\libro practicas\matlab\practica6\6gdl\ri0vpi_r.m --> lorca.umh.es /u1/users/jsabater/libro practicas/matlab/practica6/6gdl ri0vpi_r.m
101.02.27 17:12 B C:\Documents and Settings\j.sabater.UMHNET_PDI\Mis documentos\docencia\robotica\libro practicas\matlab\practica6\6gdl\ri0wi.m --> lorca.umh.es /u1/users/jsabater/libro practicas/matlab/practica6/6gdl ri0wi.m
101.02.27 17:12 B C:\Documents and Settings\j.sabater.UMHNET_PDI\Mis documentos\docencia\robotica\libro practicas\matlab\practica6\6gdl\ri0wpi.m --> lorca.umh.es /u1/users/jsabater/libro practicas/matlab/practica6/6gdl ri0wpi.m
101.02.27 17:12 B C:\Documents and Settings\j.sabater.UMHNET_PDI\Mis documentos\docencia\robotica\libro practicas\matlab\practica6\6gdl\selmotor6.mdl --> lorca.umh.es /u1/users/jsabater/libro practicas/matlab/practica6/6gdl selmotor6.mdl
101.02.27 17:12 B C:\Documents and Settings\j.sabater.UMHNET_PDI\Mis documentos\docencia\robotica\libro practicas\matlab\practica6\6gdl\simulador6.mdl --> lorca.umh.es /u1/users/jsabater/libro practicas/matlab/practica6/6gdl simulador6.mdl
101.02.27 17:12 B C:\Documents and Settings\j.sabater.UMHNET_PDI\Mis documentos\docencia\robotica\libro practicas\matlab\practica6\6gdl\sintonizar1d6.mdl --> lorca.umh.es /u1/users/jsabater/libro practicas/matlab/practica6/6gdl sintonizar1d6.mdl
101.02.27 17:12 B C:\Documents and Settings\j.sabater.UMHNET_PDI\Mis documentos\docencia\robotica\libro practicas\matlab\practica6\6gdl\sintonizar2d6.mdl --> lorca.umh.es /u1/users/jsabater/libro practicas/matlab/practica6/6gdl sintonizar2d6.mdl
101.02.27 17:12 B C:\Documents and Settings\j.sabater.UMHNET_PDI\Mis documentos\docencia\robotica\libro practicas\matlab\practica6\6gdl\sintonizar3d6.mdl --> lorca.umh.es /u1/users/jsabater/libro practicas/matlab/practica6/6gdl sintonizar3d6.mdl
101.02.27 17:12 B C:\Documents and Settings\j.sabater.UMHNET_PDI\Mis documentos\docencia\robotica\libro practicas\matlab\practica6\6gdl\sintonizar4d6.mdl --> lorca.umh.es /u1/users/jsabater/libro practicas/matlab/practica6/6gdl sintonizar4d6.mdl
101.02.27 17:12 B C:\Documents and Settings\j.sabater.UMHNET_PDI\Mis documentos\docencia\robotica\libro practicas\matlab\practica6\6gdl\sintonizar5d6.mdl --> lorca.umh.es /u1/users/jsabater/libro practicas/matlab/practica6/6gdl sintonizar5d6.mdl
101.02.27 17:12 B C:\Documents and Settings\j.sabater.UMHNET_PDI\Mis documentos\docencia\robotica\libro practicas\matlab\practica6\6gdl\sintonizar6d6.mdl --> lorca.umh.es /u1/users/jsabater/libro practicas/matlab/practica6/6gdl sintonizar6d6.mdl
101.02.27 17:12 B C:\Documents and Settings\j.sabater.UMHNET_PDI\Mis documentos\docencia\robotica\libro practicas\matlab\practica6\6gdl\t_r.m --> lorca.umh.es /u1/users/jsabater/libro practicas/matlab/practica6/6gdl t_r.m
101.02.27 17:12 B C:\Documents and Settings\j.sabater.UMHNET_PDI\Mis documentos\docencia\robotica\libro practicas\matlab\practica6\6gdl\trapezoidal.m --> lorca.umh.es /u1/users/jsabater/libro practicas/matlab/practica6/6gdl trapezoidal.m
101.02.27 17:12 B C:\Documents and Settings\j.sabater.UMHNET_PDI\Mis documentos\docencia\robotica\libro practicas\matlab\practica6\6gdl\WalkerOrin6.m --> lorca.umh.es /u1/users/jsabater/libro practicas/matlab/practica6/6gdl WalkerOrin6.m
101.02.27 17:12 B C:\Documents and Settings\j.sabater.UMHNET_PDI\Mis documentos\docencia\robotica\libro practicas\matlab\practica6\6gdl\ws_ftp.log --> lorca.umh.es /u1/users/jsabater/libro practicas/matlab/practica6/6gdl ws_ftp.log
104.09.24 16:34 B D:\docencia\Control de Robots y Sistemas Sensoriales\libro practicas\matlab\practica6\6gdl\6gdl.mat --> isa.umh.es /home/jsabater/d/docencia/Control de Robots y Sistemas Sensoriales/libro practicas/matlab/practica6/6gdl 6gdl.mat
104.09.24 16:34 B D:\docencia\Control de Robots y Sistemas Sensoriales\libro practicas\matlab\practica6\6gdl\animacion6.m --> isa.umh.es /home/jsabater/d/docencia/Control de Robots y Sistemas Sensoriales/libro practicas/matlab/practica6/6gdl animacion6.m
104.09.24 16:34 B D:\docencia\Control de Robots y Sistemas Sensoriales\libro practicas\matlab\practica6\6gdl\cininv6gdl.m --> isa.umh.es /home/jsabater/d/docencia/Control de Robots y Sistemas Sensoriales/libro practicas/matlab/practica6/6gdl cininv6gdl.m
104.09.24 16:34 B D:\docencia\Control de Robots y Sistemas Sensoriales\libro practicas\matlab\practica6\6gdl\denavit.m --> isa.umh.es /home/jsabater/d/docencia/Control de Robots y Sistemas Sensoriales/libro practicas/matlab/practica6/6gdl denavit.m
104.09.24 16:34 B D:\docencia\Control de Robots y Sistemas Sensoriales\libro practicas\matlab\practica6\6gdl\DH.M --> isa.umh.es /home/jsabater/d/docencia/Control de Robots y Sistemas Sensoriales/libro practicas/matlab/practica6/6gdl DH.M
104.09.24 16:34 B D:\docencia\Control de Robots y Sistemas Sensoriales\libro practicas\matlab\practica6\6gdl\dindir6gdl.m --> isa.umh.es /home/jsabater/d/docencia/Control de Robots y Sistemas Sensoriales/libro practicas/matlab/practica6/6gdl dindir6gdl.m
104.09.24 16:34 B D:\docencia\Control de Robots y Sistemas Sensoriales\libro practicas\matlab\practica6\6gdl\dininv6gdl.m --> isa.umh.es /home/jsabater/d/docencia/Control de Robots y Sistemas Sensoriales/libro practicas/matlab/practica6/6gdl dininv6gdl.m
104.09.24 16:34 B D:\docencia\Control de Robots y Sistemas Sensoriales\libro practicas\matlab\practica6\6gdl\drawrobot3d6.m --> isa.umh.es /home/jsabater/d/docencia/Control de Robots y Sistemas Sensoriales/libro practicas/matlab/practica6/6gdl drawrobot3d6.m
104.09.24 16:34 B D:\docencia\Control de Robots y Sistemas Sensoriales\libro practicas\matlab\practica6\6gdl\F_P.M --> isa.umh.es /home/jsabater/d/docencia/Control de Robots y Sistemas Sensoriales/libro practicas/matlab/practica6/6gdl F_P.M
104.09.24 16:34 B D:\docencia\Control de Robots y Sistemas Sensoriales\libro practicas\matlab\practica6\6gdl\H6.m --> isa.umh.es /home/jsabater/d/docencia/Control de Robots y Sistemas Sensoriales/libro practicas/matlab/practica6/6gdl H6.m
104.09.24 16:34 B D:\docencia\Control de Robots y Sistemas Sensoriales\libro practicas\matlab\practica6\6gdl\inversekinematic6.m --> isa.umh.es /home/jsabater/d/docencia/Control de Robots y Sistemas Sensoriales/libro practicas/matlab/practica6/6gdl inversekinematic6.m
104.09.24 16:34 B D:\docencia\Control de Robots y Sistemas Sensoriales\libro practicas\matlab\practica6\6gdl\newtoneuler6.m --> isa.umh.es /home/jsabater/d/docencia/Control de Robots y Sistemas Sensoriales/libro practicas/matlab/practica6/6gdl newtoneuler6.m
104.09.24 16:34 B D:\docencia\Control de Robots y Sistemas Sensoriales\libro practicas\matlab\practica6\6gdl\planifica6.m --> isa.umh.es /home/jsabater/d/docencia/Control de Robots y Sistemas Sensoriales/libro practicas/matlab/practica6/6gdl planifica6.m
104.09.24 16:34 B D:\docencia\Control de Robots y Sistemas Sensoriales\libro practicas\matlab\practica6\6gdl\RI0AI.M --> isa.umh.es /home/jsabater/d/docencia/Control de Robots y Sistemas Sensoriales/libro practicas/matlab/practica6/6gdl RI0AI.M
104.09.24 16:34 B D:\docencia\Control de Robots y Sistemas Sensoriales\libro practicas\matlab\practica6\6gdl\RI0FI.M --> isa.umh.es /home/jsabater/d/docencia/Control de Robots y Sistemas Sensoriales/libro practicas/matlab/practica6/6gdl RI0FI.M
104.09.24 16:34 B D:\docencia\Control de Robots y Sistemas Sensoriales\libro practicas\matlab\practica6\6gdl\RI0FIA.M --> isa.umh.es /home/jsabater/d/docencia/Control de Robots y Sistemas Sensoriales/libro practicas/matlab/practica6/6gdl RI0FIA.M
104.09.24 16:34 B D:\docencia\Control de Robots y Sistemas Sensoriales\libro practicas\matlab\practica6\6gdl\RI0NI.M --> isa.umh.es /home/jsabater/d/docencia/Control de Robots y Sistemas Sensoriales/libro practicas/matlab/practica6/6gdl RI0NI.M
104.09.24 16:34 B D:\docencia\Control de Robots y Sistemas Sensoriales\libro practicas\matlab\practica6\6gdl\RI0NIA.M --> isa.umh.es /home/jsabater/d/docencia/Control de Robots y Sistemas Sensoriales/libro practicas/matlab/practica6/6gdl RI0NIA.M
104.09.24 16:34 B D:\docencia\Control de Robots y Sistemas Sensoriales\libro practicas\matlab\practica6\6gdl\RI0PI.M --> isa.umh.es /home/jsabater/d/docencia/Control de Robots y Sistemas Sensoriales/libro practicas/matlab/practica6/6gdl RI0PI.M
104.09.24 16:34 B D:\docencia\Control de Robots y Sistemas Sensoriales\libro practicas\matlab\practica6\6gdl\RI0SI.M --> isa.umh.es /home/jsabater/d/docencia/Control de Robots y Sistemas Sensoriales/libro practicas/matlab/practica6/6gdl RI0SI.M
104.09.24 16:34 B D:\docencia\Control de Robots y Sistemas Sensoriales\libro practicas\matlab\practica6\6gdl\RI0VPI_P.M --> isa.umh.es /home/jsabater/d/docencia/Control de Robots y Sistemas Sensoriales/libro practicas/matlab/practica6/6gdl RI0VPI_P.M
104.09.24 16:34 B D:\docencia\Control de Robots y Sistemas Sensoriales\libro practicas\matlab\practica6\6gdl\RI0VPI_R.M --> isa.umh.es /home/jsabater/d/docencia/Control de Robots y Sistemas Sensoriales/libro practicas/matlab/practica6/6gdl RI0VPI_R.M
104.09.24 16:34 B D:\docencia\Control de Robots y Sistemas Sensoriales\libro practicas\matlab\practica6\6gdl\RI0WI.M --> isa.umh.es /home/jsabater/d/docencia/Control de Robots y Sistemas Sensoriales/libro practicas/matlab/practica6/6gdl RI0WI.M
104.09.24 16:34 B D:\docencia\Control de Robots y Sistemas Sensoriales\libro practicas\matlab\practica6\6gdl\RI0WPI.M --> isa.umh.es /home/jsabater/d/docencia/Control de Robots y Sistemas Sensoriales/libro practicas/matlab/practica6/6gdl RI0WPI.M
104.09.24 16:34 B D:\docencia\Control de Robots y Sistemas Sensoriales\libro practicas\matlab\practica6\6gdl\selmotor6.mdl --> isa.umh.es /home/jsabater/d/docencia/Control de Robots y Sistemas Sensoriales/libro practicas/matlab/practica6/6gdl selmotor6.mdl
104.09.24 16:34 B D:\docencia\Control de Robots y Sistemas Sensoriales\libro practicas\matlab\practica6\6gdl\simulador6.mdl --> isa.umh.es /home/jsabater/d/docencia/Control de Robots y Sistemas Sensoriales/libro practicas/matlab/practica6/6gdl simulador6.mdl
104.09.24 16:34 B D:\docencia\Control de Robots y Sistemas Sensoriales\libro practicas\matlab\practica6\6gdl\sintonizar1d6.mdl --> isa.umh.es /home/jsabater/d/docencia/Control de Robots y Sistemas Sensoriales/libro practicas/matlab/practica6/6gdl sintonizar1d6.mdl
104.09.24 16:34 B D:\docencia\Control de Robots y Sistemas Sensoriales\libro practicas\matlab\practica6\6gdl\sintonizar2d6.mdl --> isa.umh.es /home/jsabater/d/docencia/Control de Robots y Sistemas Sensoriales/libro practicas/matlab/practica6/6gdl sintonizar2d6.mdl
104.09.24 16:34 B D:\docencia\Control de Robots y Sistemas Sensoriales\libro practicas\matlab\practica6\6gdl\sintonizar3d6.mdl --> isa.umh.es /home/jsabater/d/docencia/Control de Robots y Sistemas Sensoriales/libro practicas/matlab/practica6/6gdl sintonizar3d6.mdl
104.09.24 16:34 B D:\docencia\Control de Robots y Sistemas Sensoriales\libro practicas\matlab\practica6\6gdl\sintonizar4d6.mdl --> isa.umh.es /home/jsabater/d/docencia/Control de Robots y Sistemas Sensoriales/libro practicas/matlab/practica6/6gdl sintonizar4d6.mdl
104.09.24 16:34 B D:\docencia\Control de Robots y Sistemas Sensoriales\libro practicas\matlab\practica6\6gdl\sintonizar5d6.mdl --> isa.umh.es /home/jsabater/d/docencia/Control de Robots y Sistemas Sensoriales/libro practicas/matlab/practica6/6gdl sintonizar5d6.mdl
104.09.24 16:34 B D:\docencia\Control de Robots y Sistemas Sensoriales\libro practicas\matlab\practica6\6gdl\sintonizar6d6.mdl --> isa.umh.es /home/jsabater/d/docencia/Control de Robots y Sistemas Sensoriales/libro practicas/matlab/practica6/6gdl sintonizar6d6.mdl
104.09.24 16:34 B D:\docencia\Control de Robots y Sistemas Sensoriales\libro practicas\matlab\practica6\6gdl\T_R.M --> isa.umh.es /home/jsabater/d/docencia/Control de Robots y Sistemas Sensoriales/libro practicas/matlab/practica6/6gdl T_R.M
104.09.24 16:34 B D:\docencia\Control de Robots y Sistemas Sensoriales\libro practicas\matlab\practica6\6gdl\trapezoidal.m --> isa.umh.es /home/jsabater/d/docencia/Control de Robots y Sistemas Sensoriales/libro practicas/matlab/practica6/6gdl trapezoidal.m
104.09.24 16:34 B D:\docencia\Control de Robots y Sistemas Sensoriales\libro practicas\matlab\practica6\6gdl\WalkerOrin6.m --> isa.umh.es /home/jsabater/d/docencia/Control de Robots y Sistemas Sensoriales/libro practicas/matlab/practica6/6gdl WalkerOrin6.m
